---------------------------------------------------------------
[ 2018-01-12T13:59:15+08:00 ] 127.0.0.1 GET /admin/cate/lst.html
[ info ] tp.com/admin/cate/lst.html [运行时间：0.576033s][吞吐率：1.74req/s] [内存消耗：2,872.70kb] [文件加载：44]
[ info ] [ LANG ] D:\phpStudy\WWW\1228\thinkphp\lang\zh-cn.php
[ info ] [ ROUTE ] array (
  'type' => 'module',
  'module' => 
  array (
    0 => 'admin',
    1 => 'cate',
    2 => 'lst',
  ),
)
[ info ] [ HEADER ] array (
  'host' => 'tp.com',
  'connection' => 'keep-alive',
  'cache-control' => 'max-age=0',
  'user-agent' => 'Mozilla/5.0 (Windows NT 6.1; Win64; x64) AppleWebKit/537.36 (KHTML, like Gecko) Chrome/63.0.3239.84 Safari/537.36',
  'upgrade-insecure-requests' => '1',
  'accept' => 'text/html,application/xhtml+xml,application/xml;q=0.9,image/webp,image/apng,*/*;q=0.8',
  'referer' => 'http://tp.com/admin/cate/lst.html',
  'accept-encoding' => 'gzip, deflate',
  'accept-language' => 'zh-CN,zh;q=0.9',
  'cookie' => 'XDEBUG_SESSION=PHPSTORM; PHPSESSID=qipeafdhj2o4k8vp789eaiiu27',
)
[ info ] [ PARAM ] array (
)
[ info ] [ SESSION ] INIT array (
  'id' => '',
  'var_session_id' => '',
  'prefix' => 'think',
  'type' => '',
  'auto_start' => true,
)
[ info ] [ RUN ] app\admin\controller\Cate->lst[ D:\phpStudy\WWW\1228\application\admin\controller\Cate.php ]
[ info ] [ DB ] INIT mysql
[ info ] [ VIEW ] D:\phpStudy\WWW\1228\public/../application/admin\view\cate\lst.html [ array (
  0 => 'data',
) ]
[ info ] [ LOG ] INIT File
[ sql ] [ DB ] CONNECT:[ UseTime:0.042002s ] mysql:host=127.0.0.1;dbname=1228;charset=utf8
[ sql ] [ SQL ] SHOW COLUMNS FROM `tp_admin_cate` [ RunTime:0.048003s ]
[ sql ] [ SQL ] SELECT * FROM `tp_admin_cate` [ RunTime:0.001000s ]
---------------------------------------------------------------
[ 2018-01-12T13:59:16+08:00 ] 127.0.0.1 GET /static/admin/fonts/fontawesome-webfont.woff2?v=4.3.0
[ info ] tp.com/static/admin/fonts/fontawesome-webfont.woff2?v=4.3.0 [运行时间：0.658038s][吞吐率：1.52req/s] [内存消耗：1,194.44kb] [文件加载：27]
[ info ] [ LANG ] D:\phpStudy\WWW\1228\thinkphp\lang\zh-cn.php
[ info ] [ ROUTE ] array (
  'type' => 'module',
  'module' => 
  array (
    0 => 'static',
    1 => 'admin',
    2 => 'fonts',
  ),
)
[ info ] [ HEADER ] array (
  'host' => 'tp.com',
  'connection' => 'keep-alive',
  'origin' => 'http://tp.com',
  'user-agent' => 'Mozilla/5.0 (Windows NT 6.1; Win64; x64) AppleWebKit/537.36 (KHTML, like Gecko) Chrome/63.0.3239.84 Safari/537.36',
  'accept' => '*/*',
  'referer' => 'http://tp.com/static/admin/style/font-awesome.css',
  'accept-encoding' => 'gzip, deflate',
  'accept-language' => 'zh-CN,zh;q=0.9',
  'cookie' => 'XDEBUG_SESSION=PHPSTORM; PHPSESSID=qipeafdhj2o4k8vp789eaiiu27',
)
[ info ] [ PARAM ] array (
  'v' => '4.3.0',
)
[ info ] [ LOG ] INIT File
---------------------------------------------------------------
[ 2018-01-12T13:59:24+08:00 ] 127.0.0.1 GET /admin/article/add
[ info ] tp.com/admin/article/add [运行时间：0.574033s][吞吐率：1.74req/s] [内存消耗：2,172.13kb] [文件加载：42]
[ info ] [ LANG ] D:\phpStudy\WWW\1228\thinkphp\lang\zh-cn.php
[ info ] [ ROUTE ] array (
  'type' => 'module',
  'module' => 
  array (
    0 => 'admin',
    1 => 'article',
    2 => 'add',
  ),
)
[ info ] [ HEADER ] array (
  'host' => 'tp.com',
  'connection' => 'keep-alive',
  'user-agent' => 'Mozilla/5.0 (Windows NT 6.1; Win64; x64) AppleWebKit/537.36 (KHTML, like Gecko) Chrome/63.0.3239.84 Safari/537.36',
  'upgrade-insecure-requests' => '1',
  'accept' => 'text/html,application/xhtml+xml,application/xml;q=0.9,image/webp,image/apng,*/*;q=0.8',
  'accept-encoding' => 'gzip, deflate',
  'accept-language' => 'zh-CN,zh;q=0.9',
  'cookie' => 'XDEBUG_SESSION=PHPSTORM; PHPSESSID=qipeafdhj2o4k8vp789eaiiu27',
)
[ info ] [ PARAM ] array (
)
[ info ] [ SESSION ] INIT array (
  'id' => '',
  'var_session_id' => '',
  'prefix' => 'think',
  'type' => '',
  'auto_start' => true,
)
[ info ] [ RUN ] app\admin\controller\Article->add[ D:\phpStudy\WWW\1228\application\admin\controller\Article.php ]
[ info ] [ VIEW ] D:\phpStudy\WWW\1228\public/../application/admin\view\article\add.html [ array (
) ]
[ info ] [ LOG ] INIT File
[ error ] [8]未定义变量: cates[D:\phpStudy\WWW\1228\runtime\temp\1807189272054128bfd535513a5807db.php:218]
---------------------------------------------------------------
[ 2018-01-12T14:04:04+08:00 ] 127.0.0.1 GET /admin/article/add
[ info ] tp.com/admin/article/add [运行时间：0.811046s][吞吐率：1.23req/s] [内存消耗：1,929.04kb] [文件加载：38]
[ info ] [ LANG ] D:\phpStudy\WWW\1228\thinkphp\lang\zh-cn.php
[ info ] [ ROUTE ] array (
  'type' => 'module',
  'module' => 
  array (
    0 => 'admin',
    1 => 'article',
    2 => 'add',
  ),
)
[ info ] [ HEADER ] array (
  'host' => 'tp.com',
  'connection' => 'keep-alive',
  'cache-control' => 'max-age=0',
  'user-agent' => 'Mozilla/5.0 (Windows NT 6.1; Win64; x64) AppleWebKit/537.36 (KHTML, like Gecko) Chrome/63.0.3239.84 Safari/537.36',
  'upgrade-insecure-requests' => '1',
  'accept' => 'text/html,application/xhtml+xml,application/xml;q=0.9,image/webp,image/apng,*/*;q=0.8',
  'accept-encoding' => 'gzip, deflate',
  'accept-language' => 'zh-CN,zh;q=0.9',
  'cookie' => 'XDEBUG_SESSION=PHPSTORM; PHPSESSID=qipeafdhj2o4k8vp789eaiiu27',
)
[ info ] [ PARAM ] array (
)
[ info ] [ SESSION ] INIT array (
  'id' => '',
  'var_session_id' => '',
  'prefix' => 'think',
  'type' => '',
  'auto_start' => true,
)
[ info ] [ RUN ] app\admin\controller\Article->add[ D:\phpStudy\WWW\1228\application\admin\controller\Article.php ]
[ info ] [ LOG ] INIT File
[ error ] [1]Class 'app\admin\controller\CateModel' not found[D:\phpStudy\WWW\1228\application\admin\controller\Article.php:10]
---------------------------------------------------------------
[ 2018-01-12T14:04:16+08:00 ] 127.0.0.1 GET /admin/article/add
[ info ] tp.com/admin/article/add [运行时间：1.163066s][吞吐率：0.86req/s] [内存消耗：2,852.42kb] [文件加载：44]
[ info ] [ LANG ] D:\phpStudy\WWW\1228\thinkphp\lang\zh-cn.php
[ info ] [ ROUTE ] array (
  'type' => 'module',
  'module' => 
  array (
    0 => 'admin',
    1 => 'article',
    2 => 'add',
  ),
)
[ info ] [ HEADER ] array (
  'host' => 'tp.com',
  'connection' => 'keep-alive',
  'cache-control' => 'max-age=0',
  'user-agent' => 'Mozilla/5.0 (Windows NT 6.1; Win64; x64) AppleWebKit/537.36 (KHTML, like Gecko) Chrome/63.0.3239.84 Safari/537.36',
  'upgrade-insecure-requests' => '1',
  'accept' => 'text/html,application/xhtml+xml,application/xml;q=0.9,image/webp,image/apng,*/*;q=0.8',
  'accept-encoding' => 'gzip, deflate',
  'accept-language' => 'zh-CN,zh;q=0.9',
  'cookie' => 'XDEBUG_SESSION=PHPSTORM; PHPSESSID=qipeafdhj2o4k8vp789eaiiu27',
)
[ info ] [ PARAM ] array (
)
[ info ] [ SESSION ] INIT array (
  'id' => '',
  'var_session_id' => '',
  'prefix' => 'think',
  'type' => '',
  'auto_start' => true,
)
[ info ] [ RUN ] app\admin\controller\Article->add[ D:\phpStudy\WWW\1228\application\admin\controller\Article.php ]
[ info ] [ DB ] INIT mysql
[ info ] [ VIEW ] D:\phpStudy\WWW\1228\public/../application/admin\view\article\add.html [ array (
  0 => 'cates',
) ]
[ info ] [ LOG ] INIT File
[ sql ] [ DB ] CONNECT:[ UseTime:0.117006s ] mysql:host=127.0.0.1;dbname=1228;charset=utf8
[ sql ] [ SQL ] SHOW COLUMNS FROM `tp_admin_cate` [ RunTime:0.013001s ]
[ sql ] [ SQL ] SELECT * FROM `tp_admin_cate` [ RunTime:0.001000s ]
---------------------------------------------------------------
[ 2018-01-12T14:04:18+08:00 ] 127.0.0.1 GET /static/admin/fonts/fontawesome-webfont.woff2?v=4.3.0
[ info ] tp.com/static/admin/fonts/fontawesome-webfont.woff2?v=4.3.0 [运行时间：0.533030s][吞吐率：1.88req/s] [内存消耗：1,194.44kb] [文件加载：27]
[ info ] [ LANG ] D:\phpStudy\WWW\1228\thinkphp\lang\zh-cn.php
[ info ] [ ROUTE ] array (
  'type' => 'module',
  'module' => 
  array (
    0 => 'static',
    1 => 'admin',
    2 => 'fonts',
  ),
)
[ info ] [ HEADER ] array (
  'host' => 'tp.com',
  'connection' => 'keep-alive',
  'origin' => 'http://tp.com',
  'user-agent' => 'Mozilla/5.0 (Windows NT 6.1; Win64; x64) AppleWebKit/537.36 (KHTML, like Gecko) Chrome/63.0.3239.84 Safari/537.36',
  'accept' => '*/*',
  'referer' => 'http://tp.com/static/admin/style/font-awesome.css',
  'accept-encoding' => 'gzip, deflate',
  'accept-language' => 'zh-CN,zh;q=0.9',
  'cookie' => 'XDEBUG_SESSION=PHPSTORM; PHPSESSID=qipeafdhj2o4k8vp789eaiiu27',
)
[ info ] [ PARAM ] array (
  'v' => '4.3.0',
)
[ info ] [ LOG ] INIT File
---------------------------------------------------------------
[ 2018-01-12T14:05:33+08:00 ] 127.0.0.1 GET /admin/article/add
[ info ] tp.com/admin/article/add [运行时间：0.629036s][吞吐率：1.59req/s] [内存消耗：3,025.61kb] [文件加载：46]
[ info ] [ LANG ] D:\phpStudy\WWW\1228\thinkphp\lang\zh-cn.php
[ info ] [ ROUTE ] array (
  'type' => 'module',
  'module' => 
  array (
    0 => 'admin',
    1 => 'article',
    2 => 'add',
  ),
)
[ info ] [ HEADER ] array (
  'host' => 'tp.com',
  'connection' => 'keep-alive',
  'cache-control' => 'max-age=0',
  'user-agent' => 'Mozilla/5.0 (Windows NT 6.1; Win64; x64) AppleWebKit/537.36 (KHTML, like Gecko) Chrome/63.0.3239.84 Safari/537.36',
  'upgrade-insecure-requests' => '1',
  'accept' => 'text/html,application/xhtml+xml,application/xml;q=0.9,image/webp,image/apng,*/*;q=0.8',
  'accept-encoding' => 'gzip, deflate',
  'accept-language' => 'zh-CN,zh;q=0.9',
  'cookie' => 'XDEBUG_SESSION=PHPSTORM; PHPSESSID=qipeafdhj2o4k8vp789eaiiu27',
)
[ info ] [ PARAM ] array (
)
[ info ] [ SESSION ] INIT array (
  'id' => '',
  'var_session_id' => '',
  'prefix' => 'think',
  'type' => '',
  'auto_start' => true,
)
[ info ] [ RUN ] app\admin\controller\Article->add[ D:\phpStudy\WWW\1228\application\admin\controller\Article.php ]
[ info ] [ DB ] INIT mysql
[ info ] [ VIEW ] D:\phpStudy\WWW\1228\public/../application/admin\view\article\add.html [ array (
  0 => 'cates',
) ]
[ info ] [ LOG ] INIT File
[ sql ] [ DB ] CONNECT:[ UseTime:0.034002s ] mysql:host=127.0.0.1;dbname=1228;charset=utf8
[ sql ] [ SQL ] SHOW COLUMNS FROM `tp_admin_cate` [ RunTime:0.015001s ]
[ sql ] [ SQL ] SELECT * FROM `tp_admin_cate` [ RunTime:0.001000s ]
---------------------------------------------------------------
[ 2018-01-12T14:05:34+08:00 ] 127.0.0.1 GET /static/admin/fonts/fontawesome-webfont.woff2?v=4.3.0
[ info ] tp.com/static/admin/fonts/fontawesome-webfont.woff2?v=4.3.0 [运行时间：0.468026s][吞吐率：2.14req/s] [内存消耗：1,194.44kb] [文件加载：27]
[ info ] [ LANG ] D:\phpStudy\WWW\1228\thinkphp\lang\zh-cn.php
[ info ] [ ROUTE ] array (
  'type' => 'module',
  'module' => 
  array (
    0 => 'static',
    1 => 'admin',
    2 => 'fonts',
  ),
)
[ info ] [ HEADER ] array (
  'host' => 'tp.com',
  'connection' => 'keep-alive',
  'origin' => 'http://tp.com',
  'user-agent' => 'Mozilla/5.0 (Windows NT 6.1; Win64; x64) AppleWebKit/537.36 (KHTML, like Gecko) Chrome/63.0.3239.84 Safari/537.36',
  'accept' => '*/*',
  'referer' => 'http://tp.com/static/admin/style/font-awesome.css',
  'accept-encoding' => 'gzip, deflate',
  'accept-language' => 'zh-CN,zh;q=0.9',
  'cookie' => 'XDEBUG_SESSION=PHPSTORM; PHPSESSID=qipeafdhj2o4k8vp789eaiiu27',
)
[ info ] [ PARAM ] array (
  'v' => '4.3.0',
)
[ info ] [ LOG ] INIT File
---------------------------------------------------------------
[ 2018-01-12T14:14:02+08:00 ] 127.0.0.1 GET /admin/article/add
[ info ] tp.com/admin/article/add [运行时间：0.365021s][吞吐率：2.74req/s] [内存消耗：3,026.79kb] [文件加载：46]
[ info ] [ LANG ] D:\phpStudy\WWW\1228\thinkphp\lang\zh-cn.php
[ info ] [ ROUTE ] array (
  'type' => 'module',
  'module' => 
  array (
    0 => 'admin',
    1 => 'article',
    2 => 'add',
  ),
)
[ info ] [ HEADER ] array (
  'host' => 'tp.com',
  'connection' => 'keep-alive',
  'cache-control' => 'max-age=0',
  'user-agent' => 'Mozilla/5.0 (Windows NT 6.1; Win64; x64) AppleWebKit/537.36 (KHTML, like Gecko) Chrome/63.0.3239.84 Safari/537.36',
  'upgrade-insecure-requests' => '1',
  'accept' => 'text/html,application/xhtml+xml,application/xml;q=0.9,image/webp,image/apng,*/*;q=0.8',
  'accept-encoding' => 'gzip, deflate',
  'accept-language' => 'zh-CN,zh;q=0.9',
  'cookie' => 'XDEBUG_SESSION=PHPSTORM; PHPSESSID=qipeafdhj2o4k8vp789eaiiu27',
)
[ info ] [ PARAM ] array (
)
[ info ] [ SESSION ] INIT array (
  'id' => '',
  'var_session_id' => '',
  'prefix' => 'think',
  'type' => '',
  'auto_start' => true,
)
[ info ] [ RUN ] app\admin\controller\Article->add[ D:\phpStudy\WWW\1228\application\admin\controller\Article.php ]
[ info ] [ DB ] INIT mysql
[ info ] [ VIEW ] D:\phpStudy\WWW\1228\public/../application/admin\view\article\add.html [ array (
  0 => 'cates',
) ]
[ info ] [ LOG ] INIT File
[ sql ] [ DB ] CONNECT:[ UseTime:0.001001s ] mysql:host=127.0.0.1;dbname=1228;charset=utf8
[ sql ] [ SQL ] SHOW COLUMNS FROM `tp_admin_cate` [ RunTime:0.013000s ]
[ sql ] [ SQL ] SELECT * FROM `tp_admin_cate` [ RunTime:0.001001s ]
---------------------------------------------------------------
[ 2018-01-12T14:14:03+08:00 ] 127.0.0.1 GET /static/admin/fonts/fontawesome-webfont.woff2?v=4.3.0
[ info ] tp.com/static/admin/fonts/fontawesome-webfont.woff2?v=4.3.0 [运行时间：0.469027s][吞吐率：2.13req/s] [内存消耗：1,194.44kb] [文件加载：27]
[ info ] [ LANG ] D:\phpStudy\WWW\1228\thinkphp\lang\zh-cn.php
[ info ] [ ROUTE ] array (
  'type' => 'module',
  'module' => 
  array (
    0 => 'static',
    1 => 'admin',
    2 => 'fonts',
  ),
)
[ info ] [ HEADER ] array (
  'host' => 'tp.com',
  'connection' => 'keep-alive',
  'origin' => 'http://tp.com',
  'user-agent' => 'Mozilla/5.0 (Windows NT 6.1; Win64; x64) AppleWebKit/537.36 (KHTML, like Gecko) Chrome/63.0.3239.84 Safari/537.36',
  'accept' => '*/*',
  'referer' => 'http://tp.com/static/admin/style/font-awesome.css',
  'accept-encoding' => 'gzip, deflate',
  'accept-language' => 'zh-CN,zh;q=0.9',
  'cookie' => 'XDEBUG_SESSION=PHPSTORM; PHPSESSID=qipeafdhj2o4k8vp789eaiiu27',
)
[ info ] [ PARAM ] array (
  'v' => '4.3.0',
)
[ info ] [ LOG ] INIT File
---------------------------------------------------------------
[ 2018-01-12T14:40:23+08:00 ] 127.0.0.1 GET /admin/article/add
[ info ] tp.com/admin/article/add [运行时间：0.413024s][吞吐率：2.42req/s] [内存消耗：2,852.45kb] [文件加载：44]
[ info ] [ LANG ] D:\phpStudy\WWW\1228\thinkphp\lang\zh-cn.php
[ info ] [ ROUTE ] array (
  'type' => 'module',
  'module' => 
  array (
    0 => 'admin',
    1 => 'article',
    2 => 'add',
  ),
)
[ info ] [ HEADER ] array (
  'host' => 'tp.com',
  'connection' => 'keep-alive',
  'cache-control' => 'max-age=0',
  'user-agent' => 'Mozilla/5.0 (Windows NT 6.1; Win64; x64) AppleWebKit/537.36 (KHTML, like Gecko) Chrome/63.0.3239.84 Safari/537.36',
  'upgrade-insecure-requests' => '1',
  'accept' => 'text/html,application/xhtml+xml,application/xml;q=0.9,image/webp,image/apng,*/*;q=0.8',
  'accept-encoding' => 'gzip, deflate',
  'accept-language' => 'zh-CN,zh;q=0.9',
  'cookie' => 'XDEBUG_SESSION=PHPSTORM; PHPSESSID=qipeafdhj2o4k8vp789eaiiu27',
)
[ info ] [ PARAM ] array (
)
[ info ] [ SESSION ] INIT array (
  'id' => '',
  'var_session_id' => '',
  'prefix' => 'think',
  'type' => '',
  'auto_start' => true,
)
[ info ] [ RUN ] app\admin\controller\Article->add[ D:\phpStudy\WWW\1228\application\admin\controller\Article.php ]
[ info ] [ DB ] INIT mysql
[ info ] [ VIEW ] D:\phpStudy\WWW\1228\public/../application/admin\view\article\add.html [ array (
  0 => 'cates',
) ]
[ info ] [ LOG ] INIT File
[ sql ] [ DB ] CONNECT:[ UseTime:0.002000s ] mysql:host=127.0.0.1;dbname=1228;charset=utf8
[ sql ] [ SQL ] SHOW COLUMNS FROM `tp_admin_cate` [ RunTime:0.071004s ]
[ sql ] [ SQL ] SELECT * FROM `tp_admin_cate` [ RunTime:0.001000s ]
---------------------------------------------------------------
[ 2018-01-12T14:40:24+08:00 ] 127.0.0.1 GET /static/admin/fonts/fontawesome-webfont.woff2?v=4.3.0
[ info ] tp.com/static/admin/fonts/fontawesome-webfont.woff2?v=4.3.0 [运行时间：0.469027s][吞吐率：2.13req/s] [内存消耗：1,194.44kb] [文件加载：27]
[ info ] [ LANG ] D:\phpStudy\WWW\1228\thinkphp\lang\zh-cn.php
[ info ] [ ROUTE ] array (
  'type' => 'module',
  'module' => 
  array (
    0 => 'static',
    1 => 'admin',
    2 => 'fonts',
  ),
)
[ info ] [ HEADER ] array (
  'host' => 'tp.com',
  'connection' => 'keep-alive',
  'origin' => 'http://tp.com',
  'user-agent' => 'Mozilla/5.0 (Windows NT 6.1; Win64; x64) AppleWebKit/537.36 (KHTML, like Gecko) Chrome/63.0.3239.84 Safari/537.36',
  'accept' => '*/*',
  'referer' => 'http://tp.com/static/admin/style/font-awesome.css',
  'accept-encoding' => 'gzip, deflate',
  'accept-language' => 'zh-CN,zh;q=0.9',
  'cookie' => 'XDEBUG_SESSION=PHPSTORM; PHPSESSID=qipeafdhj2o4k8vp789eaiiu27',
)
[ info ] [ PARAM ] array (
  'v' => '4.3.0',
)
[ info ] [ LOG ] INIT File
---------------------------------------------------------------
[ 2018-01-12T14:50:05+08:00 ] 127.0.0.1 GET /admin/article/add
[ info ] tp.com/admin/article/add [运行时间：0.346020s][吞吐率：2.89req/s] [内存消耗：2,852.45kb] [文件加载：44]
[ info ] [ LANG ] D:\phpStudy\WWW\1228\thinkphp\lang\zh-cn.php
[ info ] [ ROUTE ] array (
  'type' => 'module',
  'module' => 
  array (
    0 => 'admin',
    1 => 'article',
    2 => 'add',
  ),
)
[ info ] [ HEADER ] array (
  'host' => 'tp.com',
  'connection' => 'keep-alive',
  'cache-control' => 'max-age=0',
  'user-agent' => 'Mozilla/5.0 (Windows NT 6.1; Win64; x64) AppleWebKit/537.36 (KHTML, like Gecko) Chrome/63.0.3239.84 Safari/537.36',
  'upgrade-insecure-requests' => '1',
  'accept' => 'text/html,application/xhtml+xml,application/xml;q=0.9,image/webp,image/apng,*/*;q=0.8',
  'accept-encoding' => 'gzip, deflate',
  'accept-language' => 'zh-CN,zh;q=0.9',
  'cookie' => 'XDEBUG_SESSION=PHPSTORM; PHPSESSID=qipeafdhj2o4k8vp789eaiiu27',
)
[ info ] [ PARAM ] array (
)
[ info ] [ SESSION ] INIT array (
  'id' => '',
  'var_session_id' => '',
  'prefix' => 'think',
  'type' => '',
  'auto_start' => true,
)
[ info ] [ RUN ] app\admin\controller\Article->add[ D:\phpStudy\WWW\1228\application\admin\controller\Article.php ]
[ info ] [ DB ] INIT mysql
[ info ] [ VIEW ] D:\phpStudy\WWW\1228\public/../application/admin\view\article\add.html [ array (
  0 => 'cates',
) ]
[ info ] [ LOG ] INIT File
[ sql ] [ DB ] CONNECT:[ UseTime:0.001000s ] mysql:host=127.0.0.1;dbname=1228;charset=utf8
[ sql ] [ SQL ] SHOW COLUMNS FROM `tp_admin_cate` [ RunTime:0.012001s ]
[ sql ] [ SQL ] SELECT * FROM `tp_admin_cate` [ RunTime:0.001000s ]
---------------------------------------------------------------
[ 2018-01-12T14:50:07+08:00 ] 127.0.0.1 GET /static/admin/fonts/fontawesome-webfont.woff2?v=4.3.0
[ info ] tp.com/static/admin/fonts/fontawesome-webfont.woff2?v=4.3.0 [运行时间：0.495029s][吞吐率：2.02req/s] [内存消耗：1,194.44kb] [文件加载：27]
[ info ] [ LANG ] D:\phpStudy\WWW\1228\thinkphp\lang\zh-cn.php
[ info ] [ ROUTE ] array (
  'type' => 'module',
  'module' => 
  array (
    0 => 'static',
    1 => 'admin',
    2 => 'fonts',
  ),
)
[ info ] [ HEADER ] array (
  'host' => 'tp.com',
  'connection' => 'keep-alive',
  'origin' => 'http://tp.com',
  'user-agent' => 'Mozilla/5.0 (Windows NT 6.1; Win64; x64) AppleWebKit/537.36 (KHTML, like Gecko) Chrome/63.0.3239.84 Safari/537.36',
  'accept' => '*/*',
  'referer' => 'http://tp.com/static/admin/style/font-awesome.css',
  'accept-encoding' => 'gzip, deflate',
  'accept-language' => 'zh-CN,zh;q=0.9',
  'cookie' => 'XDEBUG_SESSION=PHPSTORM; PHPSESSID=qipeafdhj2o4k8vp789eaiiu27',
)
[ info ] [ PARAM ] array (
  'v' => '4.3.0',
)
[ info ] [ LOG ] INIT File
