---------------------------------------------------------------
[ 2018-01-31T10:39:20+08:00 ] 127.0.0.1 GET /admin/publics/signin
[ info ] tp.com/admin/publics/signin [运行时间：1.077061s][吞吐率：0.93req/s] [内存消耗：2,162.07kb] [文件加载：42]
[ info ] [ LANG ] D:\phpStudy\WWW\1228\thinkphp\lang\zh-cn.php
[ info ] [ ROUTE ] array (
  'type' => 'module',
  'module' => 
  array (
    0 => 'admin',
    1 => 'publics',
    2 => 'signin',
  ),
)
[ info ] [ HEADER ] array (
  'host' => 'tp.com',
  'connection' => 'keep-alive',
  'user-agent' => 'Mozilla/5.0 (Windows NT 6.1; Win64; x64) AppleWebKit/537.36 (KHTML, like Gecko) Chrome/63.0.3239.132 Safari/537.36',
  'upgrade-insecure-requests' => '1',
  'accept' => 'text/html,application/xhtml+xml,application/xml;q=0.9,image/webp,image/apng,*/*;q=0.8',
  'accept-encoding' => 'gzip, deflate',
  'accept-language' => 'zh-CN,zh;q=0.9',
  'cookie' => 'XDEBUG_SESSION=PHPSTORM',
)
[ info ] [ PARAM ] array (
)
[ info ] [ RUN ] app\admin\controller\Publics->signin[ D:\phpStudy\WWW\1228\application\admin\controller\Publics.php ]
[ info ] [ SESSION ] INIT array (
  'id' => '',
  'var_session_id' => '',
  'prefix' => 'think',
  'type' => '',
  'auto_start' => true,
)
[ info ] [ VIEW ] D:\phpStudy\WWW\1228\public/../application/admin\view\publics\signin.html [ array (
) ]
[ info ] [ LOG ] INIT File
---------------------------------------------------------------
[ 2018-01-31T10:39:21+08:00 ] 127.0.0.1 GET /captcha.html
[ info ] tp.com/captcha.html [运行时间：0.608035s][吞吐率：1.64req/s] [内存消耗：1,429.05kb] [文件加载：33]
[ info ] [ LANG ] D:\phpStudy\WWW\1228\thinkphp\lang\zh-cn.php
[ info ] [ ROUTE ] array (
  'type' => 'method',
  'method' => 
  array (
    0 => '\\think\\captcha\\CaptchaController',
    1 => 'index',
  ),
  'var' => 
  array (
  ),
)
[ info ] [ HEADER ] array (
  'host' => 'tp.com',
  'connection' => 'keep-alive',
  'user-agent' => 'Mozilla/5.0 (Windows NT 6.1; Win64; x64) AppleWebKit/537.36 (KHTML, like Gecko) Chrome/63.0.3239.132 Safari/537.36',
  'accept' => 'image/webp,image/apng,image/*,*/*;q=0.8',
  'referer' => 'http://tp.com/admin/publics/signin',
  'accept-encoding' => 'gzip, deflate',
  'accept-language' => 'zh-CN,zh;q=0.9',
  'cookie' => 'XDEBUG_SESSION=PHPSTORM; PHPSESSID=ijiij5bb4ga73sc73dn7k2aan1',
)
[ info ] [ PARAM ] array (
  'id' => NULL,
)
[ info ] [ RUN ] think\captcha\CaptchaController->index[ D:\phpStudy\WWW\1228\vendor\topthink\think-captcha\src\CaptchaController.php ]
[ info ] [ SESSION ] INIT array (
  'id' => '',
  'var_session_id' => '',
  'prefix' => 'think',
  'type' => '',
  'auto_start' => true,
)
[ info ] [ LOG ] INIT File
---------------------------------------------------------------
[ 2018-01-31T10:45:00+08:00 ] 127.0.0.1 POST /admin/publics/signin.html
[ info ] tp.com/admin/publics/signin.html [运行时间：0.119007s][吞吐率：8.40req/s] [内存消耗：1,722.70kb] [文件加载：40]
[ info ] [ LANG ] D:\phpStudy\WWW\1228\thinkphp\lang\zh-cn.php
[ info ] [ ROUTE ] array (
  'type' => 'module',
  'module' => 
  array (
    0 => 'admin',
    1 => 'publics',
    2 => 'signin',
  ),
)
[ info ] [ HEADER ] array (
  'host' => 'tp.com',
  'connection' => 'keep-alive',
  'content-length' => '478',
  'accept' => '*/*',
  'origin' => 'http://tp.com',
  'x-requested-with' => 'XMLHttpRequest',
  'user-agent' => 'Mozilla/5.0 (Windows NT 6.1; Win64; x64) AppleWebKit/537.36 (KHTML, like Gecko) Chrome/63.0.3239.132 Safari/537.36',
  'content-type' => 'multipart/form-data; boundary=----WebKitFormBoundary0UrwO5b005ZgJ66T',
  'referer' => 'http://tp.com/admin/publics/signin',
  'accept-encoding' => 'gzip, deflate',
  'accept-language' => 'zh-CN,zh;q=0.9',
  'cookie' => 'XDEBUG_SESSION=PHPSTORM; PHPSESSID=ijiij5bb4ga73sc73dn7k2aan1',
)
[ info ] [ PARAM ] array (
  'username' => 'admin\' or 1 \'',
  'password' => '1111',
  'captcha' => 'cbumm',
  '__token__' => '880a47a73805ee30a1e0a2a2dd10b83b',
)
[ info ] [ RUN ] app\admin\controller\Publics->signin[ D:\phpStudy\WWW\1228\application\admin\controller\Publics.php ]
[ info ] [ SESSION ] INIT array (
  'id' => '',
  'var_session_id' => '',
  'prefix' => 'think',
  'type' => '',
  'auto_start' => true,
)
[ info ] [ LOG ] INIT File
