---------------------------------------------------------------
[ 2018-02-01T20:32:41+08:00 ] 127.0.0.1 GET /admin/publics/signin
[ info ] tp.com/admin/publics/signin [运行时间：0.882604s][吞吐率：1.13req/s] [内存消耗：2,162.09kb] [文件加载：42]
[ info ] [ LANG ] D:\phpStudy\WWW\1228\thinkphp\lang\zh-cn.php
[ info ] [ ROUTE ] array (
  'type' => 'module',
  'module' => 
  array (
    0 => 'admin',
    1 => 'publics',
    2 => 'signin',
  ),
)
[ info ] [ HEADER ] array (
  'host' => 'tp.com',
  'connection' => 'keep-alive',
  'user-agent' => 'Mozilla/5.0 (Windows NT 6.1; Win64; x64) AppleWebKit/537.36 (KHTML, like Gecko) Chrome/63.0.3239.132 Safari/537.36',
  'upgrade-insecure-requests' => '1',
  'accept' => 'text/html,application/xhtml+xml,application/xml;q=0.9,image/webp,image/apng,*/*;q=0.8',
  'accept-encoding' => 'gzip, deflate',
  'accept-language' => 'zh-CN,zh;q=0.9',
  'cookie' => 'XDEBUG_SESSION=PHPSTORM',
)
[ info ] [ PARAM ] array (
)
[ info ] [ RUN ] app\admin\controller\Publics->signin[ D:\phpStudy\WWW\1228\application\admin\controller\Publics.php ]
[ info ] [ SESSION ] INIT array (
  'id' => '',
  'var_session_id' => '',
  'prefix' => 'think',
  'type' => '',
  'auto_start' => true,
)
[ info ] [ VIEW ] D:\phpStudy\WWW\1228\public/../application/admin\view\publics\signin.html [ array (
) ]
[ info ] [ LOG ] INIT File
---------------------------------------------------------------
[ 2018-02-01T20:32:42+08:00 ] 127.0.0.1 GET /captcha.html
[ info ] tp.com/captcha.html [运行时间：0.488102s][吞吐率：2.05req/s] [内存消耗：1,429.05kb] [文件加载：33]
[ info ] [ LANG ] D:\phpStudy\WWW\1228\thinkphp\lang\zh-cn.php
[ info ] [ ROUTE ] array (
  'type' => 'method',
  'method' => 
  array (
    0 => '\\think\\captcha\\CaptchaController',
    1 => 'index',
  ),
  'var' => 
  array (
  ),
)
[ info ] [ HEADER ] array (
  'host' => 'tp.com',
  'connection' => 'keep-alive',
  'user-agent' => 'Mozilla/5.0 (Windows NT 6.1; Win64; x64) AppleWebKit/537.36 (KHTML, like Gecko) Chrome/63.0.3239.132 Safari/537.36',
  'accept' => 'image/webp,image/apng,image/*,*/*;q=0.8',
  'referer' => 'http://tp.com/admin/publics/signin',
  'accept-encoding' => 'gzip, deflate',
  'accept-language' => 'zh-CN,zh;q=0.9',
  'cookie' => 'XDEBUG_SESSION=PHPSTORM; PHPSESSID=oqc7gcvapijq6cj23jup2bddk1',
)
[ info ] [ PARAM ] array (
  'id' => NULL,
)
[ info ] [ RUN ] think\captcha\CaptchaController->index[ D:\phpStudy\WWW\1228\vendor\topthink\think-captcha\src\CaptchaController.php ]
[ info ] [ SESSION ] INIT array (
  'id' => '',
  'var_session_id' => '',
  'prefix' => 'think',
  'type' => '',
  'auto_start' => true,
)
[ info ] [ LOG ] INIT File
---------------------------------------------------------------
[ 2018-02-01T20:32:45+08:00 ] 127.0.0.1 GET /index
[ info ] tp.com/index [运行时间：0.217012s][吞吐率：4.61req/s] [内存消耗：1,742.65kb] [文件加载：42]
[ info ] [ LANG ] D:\phpStudy\WWW\1228\thinkphp\lang\zh-cn.php
[ info ] [ ROUTE ] array (
  'type' => 'module',
  'module' => 
  array (
    0 => 'index',
    1 => NULL,
    2 => NULL,
  ),
)
[ info ] [ HEADER ] array (
  'host' => 'tp.com',
  'connection' => 'keep-alive',
  'user-agent' => 'Mozilla/5.0 (Windows NT 6.1; Win64; x64) AppleWebKit/537.36 (KHTML, like Gecko) Chrome/63.0.3239.132 Safari/537.36',
  'upgrade-insecure-requests' => '1',
  'accept' => 'text/html,application/xhtml+xml,application/xml;q=0.9,image/webp,image/apng,*/*;q=0.8',
  'accept-encoding' => 'gzip, deflate',
  'accept-language' => 'zh-CN,zh;q=0.9',
  'cookie' => 'XDEBUG_SESSION=PHPSTORM; PHPSESSID=oqc7gcvapijq6cj23jup2bddk1',
)
[ info ] [ PARAM ] array (
)
[ info ] [ RUN ] app\index\controller\Index->index[ D:\phpStudy\WWW\1228\application\index\controller\Index.php ]
[ info ] [ LOG ] INIT File
[ error ] [1]Class 'app\index\controller\WxPayUnifiedOrder' not found[D:\phpStudy\WWW\1228\application\index\controller\Index.php:10]
---------------------------------------------------------------
[ 2018-02-01T20:33:05+08:00 ] 127.0.0.1 GET /index
[ info ] tp.com/index [运行时间：0.087005s][吞吐率：11.49req/s] [内存消耗：1,742.68kb] [文件加载：42]
[ info ] [ LANG ] D:\phpStudy\WWW\1228\thinkphp\lang\zh-cn.php
[ info ] [ ROUTE ] array (
  'type' => 'module',
  'module' => 
  array (
    0 => 'index',
    1 => NULL,
    2 => NULL,
  ),
)
[ info ] [ HEADER ] array (
  'host' => 'tp.com',
  'connection' => 'keep-alive',
  'cache-control' => 'max-age=0',
  'user-agent' => 'Mozilla/5.0 (Windows NT 6.1; Win64; x64) AppleWebKit/537.36 (KHTML, like Gecko) Chrome/63.0.3239.132 Safari/537.36',
  'upgrade-insecure-requests' => '1',
  'accept' => 'text/html,application/xhtml+xml,application/xml;q=0.9,image/webp,image/apng,*/*;q=0.8',
  'accept-encoding' => 'gzip, deflate',
  'accept-language' => 'zh-CN,zh;q=0.9',
  'cookie' => 'XDEBUG_SESSION=PHPSTORM; PHPSESSID=oqc7gcvapijq6cj23jup2bddk1',
)
[ info ] [ PARAM ] array (
)
[ info ] [ RUN ] app\index\controller\Index->index[ D:\phpStudy\WWW\1228\application\index\controller\Index.php ]
[ info ] [ LOG ] INIT File
[ error ] [1]Class 'WxPayUnifiedOrder' not found[D:\phpStudy\WWW\1228\application\index\controller\Index.php:10]
---------------------------------------------------------------
[ 2018-02-01T20:36:37+08:00 ] 127.0.0.1 GET /index
[ info ] tp.com/index [运行时间：0.269016s][吞吐率：3.72req/s] [内存消耗：2,088.50kb] [文件加载：42]
[ info ] [ LANG ] D:\phpStudy\WWW\1228\thinkphp\lang\zh-cn.php
[ info ] [ ROUTE ] array (
  'type' => 'module',
  'module' => 
  array (
    0 => 'index',
    1 => NULL,
    2 => NULL,
  ),
)
[ info ] [ HEADER ] array (
  'host' => 'tp.com',
  'connection' => 'keep-alive',
  'cache-control' => 'max-age=0',
  'user-agent' => 'Mozilla/5.0 (Windows NT 6.1; Win64; x64) AppleWebKit/537.36 (KHTML, like Gecko) Chrome/63.0.3239.132 Safari/537.36',
  'upgrade-insecure-requests' => '1',
  'accept' => 'text/html,application/xhtml+xml,application/xml;q=0.9,image/webp,image/apng,*/*;q=0.8',
  'accept-encoding' => 'gzip, deflate',
  'accept-language' => 'zh-CN,zh;q=0.9',
  'cookie' => 'XDEBUG_SESSION=PHPSTORM; PHPSESSID=oqc7gcvapijq6cj23jup2bddk1',
)
[ info ] [ PARAM ] array (
)
[ info ] [ RUN ] app\index\controller\Index->index[ D:\phpStudy\WWW\1228\application\index\controller\Index.php ]
[ info ] [ LOG ] INIT File
---------------------------------------------------------------
[ 2018-02-01T20:43:11+08:00 ] 127.0.0.1 GET /index
[ info ] tp.com/index [运行时间：0.518029s][吞吐率：1.93req/s] [内存消耗：2,133.23kb] [文件加载：44]
[ info ] [ LANG ] D:\phpStudy\WWW\1228\thinkphp\lang\zh-cn.php
[ info ] [ ROUTE ] array (
  'type' => 'module',
  'module' => 
  array (
    0 => 'index',
    1 => NULL,
    2 => NULL,
  ),
)
[ info ] [ HEADER ] array (
  'host' => 'tp.com',
  'connection' => 'keep-alive',
  'cache-control' => 'max-age=0',
  'user-agent' => 'Mozilla/5.0 (Windows NT 6.1; Win64; x64) AppleWebKit/537.36 (KHTML, like Gecko) Chrome/63.0.3239.132 Safari/537.36',
  'upgrade-insecure-requests' => '1',
  'accept' => 'text/html,application/xhtml+xml,application/xml;q=0.9,image/webp,image/apng,*/*;q=0.8',
  'accept-encoding' => 'gzip, deflate',
  'accept-language' => 'zh-CN,zh;q=0.9',
  'cookie' => 'XDEBUG_SESSION=PHPSTORM; PHPSESSID=oqc7gcvapijq6cj23jup2bddk1',
)
[ info ] [ PARAM ] array (
)
[ info ] [ RUN ] app\index\controller\Index->index[ D:\phpStudy\WWW\1228\application\index\controller\Index.php ]
[ info ] [ LOG ] INIT File
[ error ] [0]curl出错，错误码:6[D:\phpStudy\WWW\1228\extend\WxPay\lib\WxPay.Api.php:564]
---------------------------------------------------------------
[ 2018-02-01T20:43:46+08:00 ] 127.0.0.1 GET /index
[ info ] tp.com/index [运行时间：0.881051s][吞吐率：1.14req/s] [内存消耗：2,133.25kb] [文件加载：44]
[ info ] [ LANG ] D:\phpStudy\WWW\1228\thinkphp\lang\zh-cn.php
[ info ] [ ROUTE ] array (
  'type' => 'module',
  'module' => 
  array (
    0 => 'index',
    1 => NULL,
    2 => NULL,
  ),
)
[ info ] [ HEADER ] array (
  'host' => 'tp.com',
  'connection' => 'keep-alive',
  'cache-control' => 'max-age=0',
  'user-agent' => 'Mozilla/5.0 (Windows NT 6.1; Win64; x64) AppleWebKit/537.36 (KHTML, like Gecko) Chrome/63.0.3239.132 Safari/537.36',
  'upgrade-insecure-requests' => '1',
  'accept' => 'text/html,application/xhtml+xml,application/xml;q=0.9,image/webp,image/apng,*/*;q=0.8',
  'accept-encoding' => 'gzip, deflate',
  'accept-language' => 'zh-CN,zh;q=0.9',
  'cookie' => 'XDEBUG_SESSION=PHPSTORM; PHPSESSID=oqc7gcvapijq6cj23jup2bddk1',
)
[ info ] [ PARAM ] array (
)
[ info ] [ RUN ] app\index\controller\Index->index[ D:\phpStudy\WWW\1228\application\index\controller\Index.php ]
[ info ] [ LOG ] INIT File
[ error ] [0]curl出错，错误码:60[D:\phpStudy\WWW\1228\extend\WxPay\lib\WxPay.Api.php:564]
---------------------------------------------------------------
[ 2018-02-01T20:44:38+08:00 ] 127.0.0.1 GET /index
[ info ] tp.com/index [运行时间：0.839048s][吞吐率：1.19req/s] [内存消耗：2,128.62kb] [文件加载：43]
[ info ] [ LANG ] D:\phpStudy\WWW\1228\thinkphp\lang\zh-cn.php
[ info ] [ ROUTE ] array (
  'type' => 'module',
  'module' => 
  array (
    0 => 'index',
    1 => NULL,
    2 => NULL,
  ),
)
[ info ] [ HEADER ] array (
  'host' => 'tp.com',
  'connection' => 'keep-alive',
  'cache-control' => 'max-age=0',
  'user-agent' => 'Mozilla/5.0 (Windows NT 6.1; Win64; x64) AppleWebKit/537.36 (KHTML, like Gecko) Chrome/63.0.3239.132 Safari/537.36',
  'upgrade-insecure-requests' => '1',
  'accept' => 'text/html,application/xhtml+xml,application/xml;q=0.9,image/webp,image/apng,*/*;q=0.8',
  'accept-encoding' => 'gzip, deflate',
  'accept-language' => 'zh-CN,zh;q=0.9',
  'cookie' => 'XDEBUG_SESSION=PHPSTORM; PHPSESSID=oqc7gcvapijq6cj23jup2bddk1',
)
[ info ] [ PARAM ] array (
)
[ info ] [ RUN ] app\index\controller\Index->index[ D:\phpStudy\WWW\1228\application\index\controller\Index.php ]
[ info ] [ LOG ] INIT File
---------------------------------------------------------------
[ 2018-02-01T20:47:09+08:00 ] 127.0.0.1 GET /index
[ info ] tp.com/index [运行时间：1.235071s][吞吐率：0.81req/s] [内存消耗：2,093.20kb] [文件加载：42]
[ info ] [ LANG ] D:\phpStudy\WWW\1228\thinkphp\lang\zh-cn.php
[ info ] [ ROUTE ] array (
  'type' => 'module',
  'module' => 
  array (
    0 => 'index',
    1 => NULL,
    2 => NULL,
  ),
)
[ info ] [ HEADER ] array (
  'host' => 'tp.com',
  'connection' => 'keep-alive',
  'cache-control' => 'max-age=0',
  'user-agent' => 'Mozilla/5.0 (Windows NT 6.1; Win64; x64) AppleWebKit/537.36 (KHTML, like Gecko) Chrome/63.0.3239.132 Safari/537.36',
  'upgrade-insecure-requests' => '1',
  'accept' => 'text/html,application/xhtml+xml,application/xml;q=0.9,image/webp,image/apng,*/*;q=0.8',
  'accept-encoding' => 'gzip, deflate',
  'accept-language' => 'zh-CN,zh;q=0.9',
  'cookie' => 'XDEBUG_SESSION=PHPSTORM; PHPSESSID=oqc7gcvapijq6cj23jup2bddk1',
)
[ info ] [ PARAM ] array (
)
[ info ] [ RUN ] app\index\controller\Index->index[ D:\phpStudy\WWW\1228\application\index\controller\Index.php ]
[ info ] [ LOG ] INIT File
---------------------------------------------------------------
[ 2018-02-01T20:47:27+08:00 ] 127.0.0.1 GET /index
[ info ] tp.com/index [运行时间：0.786045s][吞吐率：1.27req/s] [内存消耗：2,129.22kb] [文件加载：43]
[ info ] [ LANG ] D:\phpStudy\WWW\1228\thinkphp\lang\zh-cn.php
[ info ] [ ROUTE ] array (
  'type' => 'module',
  'module' => 
  array (
    0 => 'index',
    1 => NULL,
    2 => NULL,
  ),
)
[ info ] [ HEADER ] array (
  'host' => 'tp.com',
  'connection' => 'keep-alive',
  'cache-control' => 'max-age=0',
  'user-agent' => 'Mozilla/5.0 (Windows NT 6.1; Win64; x64) AppleWebKit/537.36 (KHTML, like Gecko) Chrome/63.0.3239.132 Safari/537.36',
  'upgrade-insecure-requests' => '1',
  'accept' => 'text/html,application/xhtml+xml,application/xml;q=0.9,image/webp,image/apng,*/*;q=0.8',
  'accept-encoding' => 'gzip, deflate',
  'accept-language' => 'zh-CN,zh;q=0.9',
  'cookie' => 'XDEBUG_SESSION=PHPSTORM; PHPSESSID=oqc7gcvapijq6cj23jup2bddk1',
)
[ info ] [ PARAM ] array (
)
[ info ] [ RUN ] app\index\controller\Index->index[ D:\phpStudy\WWW\1228\application\index\controller\Index.php ]
[ info ] [ LOG ] INIT File
---------------------------------------------------------------
[ 2018-02-01T20:47:52+08:00 ] 127.0.0.1 GET /index
[ info ] tp.com/index [运行时间：0.779045s][吞吐率：1.28req/s] [内存消耗：2,129.88kb] [文件加载：43]
[ info ] [ LANG ] D:\phpStudy\WWW\1228\thinkphp\lang\zh-cn.php
[ info ] [ ROUTE ] array (
  'type' => 'module',
  'module' => 
  array (
    0 => 'index',
    1 => NULL,
    2 => NULL,
  ),
)
[ info ] [ HEADER ] array (
  'host' => 'tp.com',
  'connection' => 'keep-alive',
  'cache-control' => 'max-age=0',
  'user-agent' => 'Mozilla/5.0 (Windows NT 6.1; Win64; x64) AppleWebKit/537.36 (KHTML, like Gecko) Chrome/63.0.3239.132 Safari/537.36',
  'upgrade-insecure-requests' => '1',
  'accept' => 'text/html,application/xhtml+xml,application/xml;q=0.9,image/webp,image/apng,*/*;q=0.8',
  'accept-encoding' => 'gzip, deflate',
  'accept-language' => 'zh-CN,zh;q=0.9',
  'cookie' => 'XDEBUG_SESSION=PHPSTORM; PHPSESSID=oqc7gcvapijq6cj23jup2bddk1',
)
[ info ] [ PARAM ] array (
)
[ info ] [ RUN ] app\index\controller\Index->index[ D:\phpStudy\WWW\1228\application\index\controller\Index.php ]
[ info ] [ LOG ] INIT File
---------------------------------------------------------------
[ 2018-02-01T20:48:22+08:00 ] 127.0.0.1 GET /index
[ info ] tp.com/index [运行时间：0.818047s][吞吐率：1.22req/s] [内存消耗：2,129.88kb] [文件加载：43]
[ info ] [ LANG ] D:\phpStudy\WWW\1228\thinkphp\lang\zh-cn.php
[ info ] [ ROUTE ] array (
  'type' => 'module',
  'module' => 
  array (
    0 => 'index',
    1 => NULL,
    2 => NULL,
  ),
)
[ info ] [ HEADER ] array (
  'host' => 'tp.com',
  'connection' => 'keep-alive',
  'cache-control' => 'max-age=0',
  'user-agent' => 'Mozilla/5.0 (Windows NT 6.1; Win64; x64) AppleWebKit/537.36 (KHTML, like Gecko) Chrome/63.0.3239.132 Safari/537.36',
  'upgrade-insecure-requests' => '1',
  'accept' => 'text/html,application/xhtml+xml,application/xml;q=0.9,image/webp,image/apng,*/*;q=0.8',
  'accept-encoding' => 'gzip, deflate',
  'accept-language' => 'zh-CN,zh;q=0.9',
  'cookie' => 'XDEBUG_SESSION=PHPSTORM; PHPSESSID=oqc7gcvapijq6cj23jup2bddk1',
)
[ info ] [ PARAM ] array (
)
[ info ] [ RUN ] app\index\controller\Index->index[ D:\phpStudy\WWW\1228\application\index\controller\Index.php ]
[ info ] [ LOG ] INIT File
---------------------------------------------------------------
[ 2018-02-01T20:48:42+08:00 ] 127.0.0.1 GET /index
[ info ] tp.com/index [运行时间：0.704040s][吞吐率：1.42req/s] [内存消耗：2,129.18kb] [文件加载：43]
[ info ] [ LANG ] D:\phpStudy\WWW\1228\thinkphp\lang\zh-cn.php
[ info ] [ ROUTE ] array (
  'type' => 'module',
  'module' => 
  array (
    0 => 'index',
    1 => NULL,
    2 => NULL,
  ),
)
[ info ] [ HEADER ] array (
  'host' => 'tp.com',
  'connection' => 'keep-alive',
  'cache-control' => 'max-age=0',
  'user-agent' => 'Mozilla/5.0 (Windows NT 6.1; Win64; x64) AppleWebKit/537.36 (KHTML, like Gecko) Chrome/63.0.3239.132 Safari/537.36',
  'upgrade-insecure-requests' => '1',
  'accept' => 'text/html,application/xhtml+xml,application/xml;q=0.9,image/webp,image/apng,*/*;q=0.8',
  'accept-encoding' => 'gzip, deflate',
  'accept-language' => 'zh-CN,zh;q=0.9',
  'cookie' => 'XDEBUG_SESSION=PHPSTORM; PHPSESSID=oqc7gcvapijq6cj23jup2bddk1',
)
[ info ] [ PARAM ] array (
)
[ info ] [ RUN ] app\index\controller\Index->index[ D:\phpStudy\WWW\1228\application\index\controller\Index.php ]
[ info ] [ LOG ] INIT File
---------------------------------------------------------------
[ 2018-02-01T20:49:20+08:00 ] 127.0.0.1 GET /index
[ info ] tp.com/index [运行时间：0.813046s][吞吐率：1.23req/s] [内存消耗：2,129.27kb] [文件加载：43]
[ info ] [ LANG ] D:\phpStudy\WWW\1228\thinkphp\lang\zh-cn.php
[ info ] [ ROUTE ] array (
  'type' => 'module',
  'module' => 
  array (
    0 => 'index',
    1 => NULL,
    2 => NULL,
  ),
)
[ info ] [ HEADER ] array (
  'host' => 'tp.com',
  'connection' => 'keep-alive',
  'cache-control' => 'max-age=0',
  'user-agent' => 'Mozilla/5.0 (Windows NT 6.1; Win64; x64) AppleWebKit/537.36 (KHTML, like Gecko) Chrome/63.0.3239.132 Safari/537.36',
  'upgrade-insecure-requests' => '1',
  'accept' => 'text/html,application/xhtml+xml,application/xml;q=0.9,image/webp,image/apng,*/*;q=0.8',
  'accept-encoding' => 'gzip, deflate',
  'accept-language' => 'zh-CN,zh;q=0.9',
  'cookie' => 'XDEBUG_SESSION=PHPSTORM; PHPSESSID=oqc7gcvapijq6cj23jup2bddk1',
)
[ info ] [ PARAM ] array (
)
[ info ] [ RUN ] app\index\controller\Index->index[ D:\phpStudy\WWW\1228\application\index\controller\Index.php ]
[ info ] [ LOG ] INIT File
---------------------------------------------------------------
[ 2018-02-01T20:49:41+08:00 ] 127.0.0.1 GET /index
[ info ] tp.com/index [运行时间：1.948111s][吞吐率：0.51req/s] [内存消耗：2,128.94kb] [文件加载：43]
[ info ] [ LANG ] D:\phpStudy\WWW\1228\thinkphp\lang\zh-cn.php
[ info ] [ ROUTE ] array (
  'type' => 'module',
  'module' => 
  array (
    0 => 'index',
    1 => NULL,
    2 => NULL,
  ),
)
[ info ] [ HEADER ] array (
  'host' => 'tp.com',
  'connection' => 'keep-alive',
  'cache-control' => 'max-age=0',
  'user-agent' => 'Mozilla/5.0 (Windows NT 6.1; Win64; x64) AppleWebKit/537.36 (KHTML, like Gecko) Chrome/63.0.3239.132 Safari/537.36',
  'upgrade-insecure-requests' => '1',
  'accept' => 'text/html,application/xhtml+xml,application/xml;q=0.9,image/webp,image/apng,*/*;q=0.8',
  'accept-encoding' => 'gzip, deflate',
  'accept-language' => 'zh-CN,zh;q=0.9',
  'cookie' => 'XDEBUG_SESSION=PHPSTORM; PHPSESSID=oqc7gcvapijq6cj23jup2bddk1',
)
[ info ] [ PARAM ] array (
)
[ info ] [ RUN ] app\index\controller\Index->index[ D:\phpStudy\WWW\1228\application\index\controller\Index.php ]
[ info ] [ LOG ] INIT File
---------------------------------------------------------------
[ 2018-02-01T20:50:55+08:00 ] 127.0.0.1 GET /index
[ info ] tp.com/index [运行时间：0.693039s][吞吐率：1.44req/s] [内存消耗：2,129.41kb] [文件加载：43]
[ info ] [ LANG ] D:\phpStudy\WWW\1228\thinkphp\lang\zh-cn.php
[ info ] [ ROUTE ] array (
  'type' => 'module',
  'module' => 
  array (
    0 => 'index',
    1 => NULL,
    2 => NULL,
  ),
)
[ info ] [ HEADER ] array (
  'host' => 'tp.com',
  'connection' => 'keep-alive',
  'cache-control' => 'max-age=0',
  'user-agent' => 'Mozilla/5.0 (Windows NT 6.1; Win64; x64) AppleWebKit/537.36 (KHTML, like Gecko) Chrome/63.0.3239.132 Safari/537.36',
  'upgrade-insecure-requests' => '1',
  'accept' => 'text/html,application/xhtml+xml,application/xml;q=0.9,image/webp,image/apng,*/*;q=0.8',
  'accept-encoding' => 'gzip, deflate',
  'accept-language' => 'zh-CN,zh;q=0.9',
  'cookie' => 'XDEBUG_SESSION=PHPSTORM; PHPSESSID=oqc7gcvapijq6cj23jup2bddk1',
)
[ info ] [ PARAM ] array (
)
[ info ] [ RUN ] app\index\controller\Index->index[ D:\phpStudy\WWW\1228\application\index\controller\Index.php ]
[ info ] [ LOG ] INIT File
---------------------------------------------------------------
[ 2018-02-01T22:44:29+08:00 ] 127.0.0.1 GET /index
[ info ] tp.com/index [运行时间：1.200068s][吞吐率：0.83req/s] [内存消耗：2,134.06kb] [文件加载：44]
[ info ] [ LANG ] D:\phpStudy\WWW\1228\thinkphp\lang\zh-cn.php
[ info ] [ ROUTE ] array (
  'type' => 'module',
  'module' => 
  array (
    0 => 'index',
    1 => NULL,
    2 => NULL,
  ),
)
[ info ] [ HEADER ] array (
  'host' => 'tp.com',
  'connection' => 'keep-alive',
  'cache-control' => 'max-age=0',
  'user-agent' => 'Mozilla/5.0 (Windows NT 6.1; Win64; x64) AppleWebKit/537.36 (KHTML, like Gecko) Chrome/63.0.3239.132 Safari/537.36',
  'upgrade-insecure-requests' => '1',
  'accept' => 'text/html,application/xhtml+xml,application/xml;q=0.9,image/webp,image/apng,*/*;q=0.8',
  'accept-encoding' => 'gzip, deflate',
  'accept-language' => 'zh-CN,zh;q=0.9',
  'cookie' => 'XDEBUG_SESSION=PHPSTORM; PHPSESSID=oqc7gcvapijq6cj23jup2bddk1',
)
[ info ] [ PARAM ] array (
)
[ info ] [ RUN ] app\index\controller\Index->index[ D:\phpStudy\WWW\1228\application\index\controller\Index.php ]
[ info ] [ LOG ] INIT File
[ error ] [0]curl出错，错误码:6[D:\phpStudy\WWW\1228\extend\WxPay\lib\WxPay.Api.php:564]
---------------------------------------------------------------
[ 2018-02-01T22:45:08+08:00 ] 127.0.0.1 GET /index
[ info ] tp.com/index [运行时间：1.242071s][吞吐率：0.81req/s] [内存消耗：2,129.41kb] [文件加载：43]
[ info ] [ LANG ] D:\phpStudy\WWW\1228\thinkphp\lang\zh-cn.php
[ info ] [ ROUTE ] array (
  'type' => 'module',
  'module' => 
  array (
    0 => 'index',
    1 => NULL,
    2 => NULL,
  ),
)
[ info ] [ HEADER ] array (
  'host' => 'tp.com',
  'connection' => 'keep-alive',
  'cache-control' => 'max-age=0',
  'user-agent' => 'Mozilla/5.0 (Windows NT 6.1; Win64; x64) AppleWebKit/537.36 (KHTML, like Gecko) Chrome/63.0.3239.132 Safari/537.36',
  'upgrade-insecure-requests' => '1',
  'accept' => 'text/html,application/xhtml+xml,application/xml;q=0.9,image/webp,image/apng,*/*;q=0.8',
  'accept-encoding' => 'gzip, deflate',
  'accept-language' => 'zh-CN,zh;q=0.9',
  'cookie' => 'XDEBUG_SESSION=PHPSTORM; PHPSESSID=oqc7gcvapijq6cj23jup2bddk1',
)
[ info ] [ PARAM ] array (
)
[ info ] [ RUN ] app\index\controller\Index->index[ D:\phpStudy\WWW\1228\application\index\controller\Index.php ]
[ info ] [ LOG ] INIT File
---------------------------------------------------------------
[ 2018-02-01T22:47:12+08:00 ] 127.0.0.1 GET /index
[ info ] tp.com/index [运行时间：0.837048s][吞吐率：1.19req/s] [内存消耗：2,129.75kb] [文件加载：43]
[ info ] [ LANG ] D:\phpStudy\WWW\1228\thinkphp\lang\zh-cn.php
[ info ] [ ROUTE ] array (
  'type' => 'module',
  'module' => 
  array (
    0 => 'index',
    1 => NULL,
    2 => NULL,
  ),
)
[ info ] [ HEADER ] array (
  'host' => 'tp.com',
  'connection' => 'keep-alive',
  'cache-control' => 'max-age=0',
  'user-agent' => 'Mozilla/5.0 (Windows NT 6.1; Win64; x64) AppleWebKit/537.36 (KHTML, like Gecko) Chrome/63.0.3239.132 Safari/537.36',
  'upgrade-insecure-requests' => '1',
  'accept' => 'text/html,application/xhtml+xml,application/xml;q=0.9,image/webp,image/apng,*/*;q=0.8',
  'accept-encoding' => 'gzip, deflate',
  'accept-language' => 'zh-CN,zh;q=0.9',
  'cookie' => 'XDEBUG_SESSION=PHPSTORM; PHPSESSID=oqc7gcvapijq6cj23jup2bddk1',
)
[ info ] [ PARAM ] array (
)
[ info ] [ RUN ] app\index\controller\Index->index[ D:\phpStudy\WWW\1228\application\index\controller\Index.php ]
[ info ] [ LOG ] INIT File
---------------------------------------------------------------
[ 2018-02-01T23:02:44+08:00 ] 127.0.0.1 GET /index
[ info ] tp.com/index [运行时间：0.729042s][吞吐率：1.37req/s] [内存消耗：2,134.34kb] [文件加载：44]
[ info ] [ LANG ] D:\phpStudy\WWW\1228\thinkphp\lang\zh-cn.php
[ info ] [ ROUTE ] array (
  'type' => 'module',
  'module' => 
  array (
    0 => 'index',
    1 => NULL,
    2 => NULL,
  ),
)
[ info ] [ HEADER ] array (
  'host' => 'tp.com',
  'connection' => 'keep-alive',
  'cache-control' => 'max-age=0',
  'user-agent' => 'Mozilla/5.0 (Windows NT 6.1; Win64; x64) AppleWebKit/537.36 (KHTML, like Gecko) Chrome/63.0.3239.132 Safari/537.36',
  'upgrade-insecure-requests' => '1',
  'accept' => 'text/html,application/xhtml+xml,application/xml;q=0.9,image/webp,image/apng,*/*;q=0.8',
  'accept-encoding' => 'gzip, deflate',
  'accept-language' => 'zh-CN,zh;q=0.9',
  'cookie' => 'XDEBUG_SESSION=PHPSTORM; PHPSESSID=oqc7gcvapijq6cj23jup2bddk1',
)
[ info ] [ PARAM ] array (
)
[ info ] [ RUN ] app\index\controller\Index->index[ D:\phpStudy\WWW\1228\application\index\controller\Index.php ]
[ info ] [ LOG ] INIT File
[ error ] [0]curl出错，错误码:60[D:\phpStudy\WWW\1228\extend\WxPay\lib\WxPay.Api.php:564]
---------------------------------------------------------------
[ 2018-02-01T23:03:31+08:00 ] 127.0.0.1 GET /index
[ info ] tp.com/index [运行时间：2.673152s][吞吐率：0.37req/s] [内存消耗：2,129.75kb] [文件加载：43]
[ info ] [ LANG ] D:\phpStudy\WWW\1228\thinkphp\lang\zh-cn.php
[ info ] [ ROUTE ] array (
  'type' => 'module',
  'module' => 
  array (
    0 => 'index',
    1 => NULL,
    2 => NULL,
  ),
)
[ info ] [ HEADER ] array (
  'host' => 'tp.com',
  'connection' => 'keep-alive',
  'cache-control' => 'max-age=0',
  'user-agent' => 'Mozilla/5.0 (Windows NT 6.1; Win64; x64) AppleWebKit/537.36 (KHTML, like Gecko) Chrome/63.0.3239.132 Safari/537.36',
  'upgrade-insecure-requests' => '1',
  'accept' => 'text/html,application/xhtml+xml,application/xml;q=0.9,image/webp,image/apng,*/*;q=0.8',
  'accept-encoding' => 'gzip, deflate',
  'accept-language' => 'zh-CN,zh;q=0.9',
  'cookie' => 'XDEBUG_SESSION=PHPSTORM; PHPSESSID=oqc7gcvapijq6cj23jup2bddk1',
)
[ info ] [ PARAM ] array (
)
[ info ] [ RUN ] app\index\controller\Index->index[ D:\phpStudy\WWW\1228\application\index\controller\Index.php ]
[ info ] [ LOG ] INIT File
---------------------------------------------------------------
[ 2018-02-01T23:30:30+08:00 ] 127.0.0.1 GET /index
[ info ] tp.com/index [运行时间：0.723042s][吞吐率：1.38req/s] [内存消耗：2,129.75kb] [文件加载：43]
[ info ] [ LANG ] D:\phpStudy\WWW\1228\thinkphp\lang\zh-cn.php
[ info ] [ ROUTE ] array (
  'type' => 'module',
  'module' => 
  array (
    0 => 'index',
    1 => NULL,
    2 => NULL,
  ),
)
[ info ] [ HEADER ] array (
  'host' => 'tp.com',
  'connection' => 'keep-alive',
  'cache-control' => 'max-age=0',
  'user-agent' => 'Mozilla/5.0 (Windows NT 6.1; Win64; x64) AppleWebKit/537.36 (KHTML, like Gecko) Chrome/63.0.3239.132 Safari/537.36',
  'upgrade-insecure-requests' => '1',
  'accept' => 'text/html,application/xhtml+xml,application/xml;q=0.9,image/webp,image/apng,*/*;q=0.8',
  'accept-encoding' => 'gzip, deflate',
  'accept-language' => 'zh-CN,zh;q=0.9',
  'cookie' => 'XDEBUG_SESSION=PHPSTORM; PHPSESSID=oqc7gcvapijq6cj23jup2bddk1',
)
[ info ] [ PARAM ] array (
)
[ info ] [ RUN ] app\index\controller\Index->index[ D:\phpStudy\WWW\1228\application\index\controller\Index.php ]
[ info ] [ LOG ] INIT File
---------------------------------------------------------------
[ 2018-02-01T23:33:57+08:00 ] 127.0.0.1 GET /index/index/index1
[ info ] tp.com/index/index/index1 [运行时间：0.267016s][吞吐率：3.75req/s] [内存消耗：2,094.83kb] [文件加载：42]
[ info ] [ LANG ] D:\phpStudy\WWW\1228\thinkphp\lang\zh-cn.php
[ info ] [ ROUTE ] array (
  'type' => 'module',
  'module' => 
  array (
    0 => 'index',
    1 => 'index',
    2 => 'index1',
  ),
)
[ info ] [ HEADER ] array (
  'host' => 'tp.com',
  'connection' => 'keep-alive',
  'user-agent' => 'Mozilla/5.0 (Windows NT 6.1; Win64; x64) AppleWebKit/537.36 (KHTML, like Gecko) Chrome/63.0.3239.132 Safari/537.36',
  'upgrade-insecure-requests' => '1',
  'accept' => 'text/html,application/xhtml+xml,application/xml;q=0.9,image/webp,image/apng,*/*;q=0.8',
  'accept-encoding' => 'gzip, deflate',
  'accept-language' => 'zh-CN,zh;q=0.9',
  'cookie' => 'XDEBUG_SESSION=PHPSTORM; PHPSESSID=oqc7gcvapijq6cj23jup2bddk1',
)
[ info ] [ PARAM ] array (
)
[ info ] [ RUN ] app\index\controller\Index->index1[ D:\phpStudy\WWW\1228\application\index\controller\Index.php ]
[ info ] [ LOG ] INIT File
---------------------------------------------------------------
[ 2018-02-01T23:34:11+08:00 ] 127.0.0.1 GET /index/index/index1
[ info ] tp.com/index/index/index1 [运行时间：0.279015s][吞吐率：3.58req/s] [内存消耗：2,095.32kb] [文件加载：42]
[ info ] [ LANG ] D:\phpStudy\WWW\1228\thinkphp\lang\zh-cn.php
[ info ] [ ROUTE ] array (
  'type' => 'module',
  'module' => 
  array (
    0 => 'index',
    1 => 'index',
    2 => 'index1',
  ),
)
[ info ] [ HEADER ] array (
  'host' => 'tp.com',
  'connection' => 'keep-alive',
  'cache-control' => 'max-age=0',
  'user-agent' => 'Mozilla/5.0 (Windows NT 6.1; Win64; x64) AppleWebKit/537.36 (KHTML, like Gecko) Chrome/63.0.3239.132 Safari/537.36',
  'upgrade-insecure-requests' => '1',
  'accept' => 'text/html,application/xhtml+xml,application/xml;q=0.9,image/webp,image/apng,*/*;q=0.8',
  'accept-encoding' => 'gzip, deflate',
  'accept-language' => 'zh-CN,zh;q=0.9',
  'cookie' => 'XDEBUG_SESSION=PHPSTORM; PHPSESSID=oqc7gcvapijq6cj23jup2bddk1',
)
[ info ] [ PARAM ] array (
)
[ info ] [ RUN ] app\index\controller\Index->index1[ D:\phpStudy\WWW\1228\application\index\controller\Index.php ]
[ info ] [ LOG ] INIT File
---------------------------------------------------------------
[ 2018-02-01T23:34:46+08:00 ] 127.0.0.1 GET /index/index/index1
[ info ] tp.com/index/index/index1 [运行时间：0.267016s][吞吐率：3.75req/s] [内存消耗：2,095.38kb] [文件加载：42]
[ info ] [ LANG ] D:\phpStudy\WWW\1228\thinkphp\lang\zh-cn.php
[ info ] [ ROUTE ] array (
  'type' => 'module',
  'module' => 
  array (
    0 => 'index',
    1 => 'index',
    2 => 'index1',
  ),
)
[ info ] [ HEADER ] array (
  'host' => 'tp.com',
  'connection' => 'keep-alive',
  'cache-control' => 'max-age=0',
  'user-agent' => 'Mozilla/5.0 (Windows NT 6.1; Win64; x64) AppleWebKit/537.36 (KHTML, like Gecko) Chrome/63.0.3239.132 Safari/537.36',
  'upgrade-insecure-requests' => '1',
  'accept' => 'text/html,application/xhtml+xml,application/xml;q=0.9,image/webp,image/apng,*/*;q=0.8',
  'accept-encoding' => 'gzip, deflate',
  'accept-language' => 'zh-CN,zh;q=0.9',
  'cookie' => 'XDEBUG_SESSION=PHPSTORM; PHPSESSID=oqc7gcvapijq6cj23jup2bddk1',
)
[ info ] [ PARAM ] array (
)
[ info ] [ RUN ] app\index\controller\Index->index1[ D:\phpStudy\WWW\1228\application\index\controller\Index.php ]
[ info ] [ LOG ] INIT File
---------------------------------------------------------------
[ 2018-02-01T23:36:09+08:00 ] 127.0.0.1 GET /index/index/index1
[ info ] tp.com/index/index/index1 [运行时间：0.266015s][吞吐率：3.76req/s] [内存消耗：2,095.45kb] [文件加载：42]
[ info ] [ LANG ] D:\phpStudy\WWW\1228\thinkphp\lang\zh-cn.php
[ info ] [ ROUTE ] array (
  'type' => 'module',
  'module' => 
  array (
    0 => 'index',
    1 => 'index',
    2 => 'index1',
  ),
)
[ info ] [ HEADER ] array (
  'host' => 'tp.com',
  'connection' => 'keep-alive',
  'cache-control' => 'max-age=0',
  'user-agent' => 'Mozilla/5.0 (Windows NT 6.1; Win64; x64) AppleWebKit/537.36 (KHTML, like Gecko) Chrome/63.0.3239.132 Safari/537.36',
  'upgrade-insecure-requests' => '1',
  'accept' => 'text/html,application/xhtml+xml,application/xml;q=0.9,image/webp,image/apng,*/*;q=0.8',
  'accept-encoding' => 'gzip, deflate',
  'accept-language' => 'zh-CN,zh;q=0.9',
  'cookie' => 'XDEBUG_SESSION=PHPSTORM; PHPSESSID=oqc7gcvapijq6cj23jup2bddk1',
)
[ info ] [ PARAM ] array (
)
[ info ] [ RUN ] app\index\controller\Index->index1[ D:\phpStudy\WWW\1228\application\index\controller\Index.php ]
[ info ] [ LOG ] INIT File
